ISim log file
Running: C:\Users\mjmah\OneDrive\Desktop\everything\Main\term-summer2022\az-dsd\HW2\HW2\counter_tb_isim_beh.exe -intstyle ise -gui -tclbatch isim.cmd -wdb C:/Users/mjmah/OneDrive/Desktop/everything/Main/term-summer2022/az-dsd/HW2/HW2/counter_tb_isim_beh.wdb 
ISim P.20131013 (signature 0x7708f090)
This is a Full version of ISim.
Time resolution is 1 ps
# onerror resume
# wave add /
# run 1000 ns
Simulator is doing circuit initialization process.
Finished circuit initialization process.
total =  0
total =  0
total =  1
total =  2
total =  3
total =  4
total =  5
total =  6
total =  5
total =  6
total =  7
total =  8
total =  9
total = 10
total = 10
total = 11
total = 12
total = 13
total = 14
total = 15
total = 15
total = 15
total = 15
total = 15
total = 15
total = 14
total = 13
total = 12
total = 11
total = 10
total =  9
total =  8
total =  7
total =  6
total =  5
total =  4
total =  3
total =  2
total =  1
total =  0
total =  0
total =  0
total =  0
total =  0
total =  0
total =  0
total =  0
total =  0
total =  0
total =  0
total =  0
total =  0
total =  0
total =  0
total =  0
total =  0
total =  0
total =  0
total =  0
total =  0
total =  0
total =  0
total =  0
total =  0
total =  0
total =  0
total =  0
total =  0
total =  0
total =  0
total =  0
total =  0
total =  0
total =  0
total =  0
total =  0
total =  0
total =  0
total =  0
total =  0
total =  0
total =  0
total =  0
total =  0
total =  0
total =  0
total =  0
total =  0
total =  0
total =  0
total =  0
total =  0
total =  0
total =  0
total =  0
total =  0
total =  0
total =  0
total =  0
total =  0
total =  0
total =  0
total =  0
total =  0
total =  0
total =  0
total =  0
total =  0
total =  0
total =  0
total =  0
total =  0
total =  0
total =  0
total =  0
total =  0
total =  0
total =  0
total =  0
total =  0
total =  0
total =  0
total =  0
total =  0
total =  0
total =  0
total =  0
total =  0
total =  0
total =  0
total =  0
total =  0
total =  0
total =  0
total =  0
total =  0
total =  0
total =  0
total =  0
total =  0
total =  0
total =  0
total =  0
total =  0
total =  0
total =  0
total =  0
total =  0
total =  0
total =  0
total =  0
total =  0
total =  0
total =  0
total =  0
total =  0
total =  0
total =  0
total =  0
total =  0
total =  0
total =  0
total =  0
total =  0
total =  0
total =  0
total =  0
total =  0
total =  0
total =  0
total =  0
total =  0
total =  0
total =  0
total =  0
total =  0
total =  0
total =  0
total =  0
total =  0
total =  0
total =  0
total =  0
total =  0
total =  0
total =  0
total =  0
total =  0
total =  0
total =  0
total =  0
total =  0
total =  0
total =  0
total =  0
total =  0
total =  0
total =  0
total =  0
total =  0
total =  0
total =  0
total =  0
total =  0
total =  0
total =  0
total =  0
total =  0
total =  0
total =  0
total =  0
total =  0
total =  0
total =  0
total =  0
total =  0
total =  0
total =  0
total =  0
total =  0
total =  0
total =  0
total =  0
total =  0
total =  0
total =  0
total =  0
total =  0
total =  0
total =  0
total =  0
total =  0
total =  0
total =  0
total =  0
total =  0
total =  0
total =  0
total =  0
total =  0
total =  0
total =  0
total =  0
total =  0
total =  0
total =  0
total =  0
total =  0
total =  0
total =  0
