Running: C:\Xilinx\14.7\ISE_DS\ISE\bin\nt64\unwrapped\fuse.exe -intstyle ise -incremental -lib unisims_ver -lib unimacro_ver -lib xilinxcorelib_ver -o C:/Users/mjmah/OneDrive/Desktop/everything/Main/term-summer2022/az-dsd/HW3/HW3/test_bench_isim_beh.exe -prj C:/Users/mjmah/OneDrive/Desktop/everything/Main/term-summer2022/az-dsd/HW3/HW3/test_bench_beh.prj work.test_bench work.glbl 
ISim P.20131013 (signature 0x7708f090)
Number of CPUs detected in this system: 8
Turning on mult-threading, number of parallel sub-compilation jobs: 16 
Determining compilation order of HDL files
Analyzing Verilog file "C:/Users/mjmah/OneDrive/Desktop/everything/Main/term-summer2022/az-dsd/HW3/HW3/one_bit_cmp.v" into library work
Analyzing Verilog file "C:/Users/mjmah/OneDrive/Desktop/everything/Main/term-summer2022/az-dsd/HW3/HW3/main_comparator.v" into library work
Analyzing Verilog file "C:/Users/mjmah/OneDrive/Desktop/everything/Main/term-summer2022/az-dsd/HW3/HW3/test_bench-.v" into library work
Analyzing Verilog file "C:/Xilinx/14.7/ISE_DS/ISE//verilog/src/glbl.v" into library work
Starting static elaboration
Completed static elaboration
Compiling module one_bit_cmp
Compiling module main_comparator
Compiling module test_bench
Compiling module glbl
Time Resolution for simulation is 1ps.
Waiting for 1 sub-compilation(s) to finish...
Compiled 4 Verilog Units
Built simulation executable C:/Users/mjmah/OneDrive/Desktop/everything/Main/term-summer2022/az-dsd/HW3/HW3/test_bench_isim_beh.exe
Fuse Memory Usage: 28924 KB
Fuse CPU Usage: 280 ms
